Build started 24-Feb-20 10:31:37 AM.
     1>Project "C:\Users\Lenovo\Documents\Visual Studio 2012\Projects\fractional knapsack(Greddy)\fractional knapsack(Greddy)\fractional knapsack(Greddy).vcxproj" on node 2 (Build target(s)).
     1>ClCompile:
         C:\Program Files (x86)\Microsoft Visual Studio 11.0\VC\bin\CL.exe /c /ZI /nologo /W3 /WX- /Od /Oy- /D _MBCS /Gm /EHsc /RTC1 /MDd /GS /fp:precise /Zc:wchar_t /Zc:forScope /Fo"Debug\\" /Fd"Debug\vc110.pdb" /Gd /TP /analyze- /errorReport:prompt Source.cpp
         Source.cpp
     1>c:\users\lenovo\documents\visual studio 2012\projects\fractional knapsack(greddy)\fractional knapsack(greddy)\source.cpp(15): warning C4996: 'scanf': This function or variable may be unsafe. Consider using scanf_s instead. To disable deprecation, use _CRT_SECURE_NO_WARNINGS. See online help for details.
                 c:\program files (x86)\microsoft visual studio 11.0\vc\include\stdio.h(290) : see declaration of 'scanf'
     1>c:\users\lenovo\documents\visual studio 2012\projects\fractional knapsack(greddy)\fractional knapsack(greddy)\source.cpp(18): warning C4996: 'scanf': This function or variable may be unsafe. Consider using scanf_s instead. To disable deprecation, use _CRT_SECURE_NO_WARNINGS. See online help for details.
                 c:\program files (x86)\microsoft visual studio 11.0\vc\include\stdio.h(290) : see declaration of 'scanf'
     1>c:\users\lenovo\documents\visual studio 2012\projects\fractional knapsack(greddy)\fractional knapsack(greddy)\source.cpp(19): warning C4996: 'scanf': This function or variable may be unsafe. Consider using scanf_s instead. To disable deprecation, use _CRT_SECURE_NO_WARNINGS. See online help for details.
                 c:\program files (x86)\microsoft visual studio 11.0\vc\include\stdio.h(290) : see declaration of 'scanf'
     1>c:\users\lenovo\documents\visual studio 2012\projects\fractional knapsack(greddy)\fractional knapsack(greddy)\source.cpp(35): warning C4996: 'scanf': This function or variable may be unsafe. Consider using scanf_s instead. To disable deprecation, use _CRT_SECURE_NO_WARNINGS. See online help for details.
                 c:\program files (x86)\microsoft visual studio 11.0\vc\include\stdio.h(290) : see declaration of 'scanf'
     1>c:\users\lenovo\documents\visual studio 2012\projects\fractional knapsack(greddy)\fractional knapsack(greddy)\source.cpp(49): warning C4244: '=' : conversion from 'float' to 'int', possible loss of data
       Link:
         C:\Program Files (x86)\Microsoft Visual Studio 11.0\VC\bin\link.exe /ERRORREPORT:PROMPT /OUT:"C:\Users\Lenovo\Documents\Visual Studio 2012\Projects\fractional knapsack(Greddy)\Debug\fractional knapsack(Greddy).exe" /INCREMENTAL /NOLOGO kernel32.lib user32.lib gdi32.lib winspool.lib comdlg32.lib advapi32.lib shell32.lib ole32.lib oleaut32.lib uuid.lib odbc32.lib odbccp32.lib /MANIFEST /MANIFESTUAC:"level='asInvoker' uiAccess='false'" /manifest:embed /DEBUG /PDB:"C:\Users\Lenovo\Documents\Visual Studio 2012\Projects\fractional knapsack(Greddy)\Debug\fractional knapsack(Greddy).pdb" /SUBSYSTEM:CONSOLE /TLBID:1 /DYNAMICBASE /NXCOMPAT /IMPLIB:"C:\Users\Lenovo\Documents\Visual Studio 2012\Projects\fractional knapsack(Greddy)\Debug\fractional knapsack(Greddy).lib" /MACHINE:X86 Debug\Source.obj
         fractional knapsack(Greddy).vcxproj -> C:\Users\Lenovo\Documents\Visual Studio 2012\Projects\fractional knapsack(Greddy)\Debug\fractional knapsack(Greddy).exe
     1>Done Building Project "C:\Users\Lenovo\Documents\Visual Studio 2012\Projects\fractional knapsack(Greddy)\fractional knapsack(Greddy)\fractional knapsack(Greddy).vcxproj" (Build target(s)).

Build succeeded.

Time Elapsed 00:00:00.79
